Determining if the pthread_create exist failed with the following output:
Change Dir: /home/cbc/project/cpp-pytorch/build/CMakeFiles/CMakeTmp

Run Build Command:"/usr/bin/make" "cmTC_04dd4/fast"
/usr/bin/make -f CMakeFiles/cmTC_04dd4.dir/build.make CMakeFiles/cmTC_04dd4.dir/build
make[1]: 进入目录“/home/cbc/project/cpp-pytorch/build/CMakeFiles/CMakeTmp”
Building C object CMakeFiles/cmTC_04dd4.dir/CheckSymbolExists.c.o
/usr/bin/cc    -o CMakeFiles/cmTC_04dd4.dir/CheckSymbolExists.c.o   -c /home/cbc/project/cpp-pytorch/build/CMakeFiles/CMakeTmp/CheckSymbolExists.c
Linking C executable cmTC_04dd4
/opt/cmake-3.13.2-Linux-x86_64/bin/cmake -E cmake_link_script CMakeFiles/cmTC_04dd4.dir/link.txt --verbose=1
/usr/bin/cc      CMakeFiles/cmTC_04dd4.dir/CheckSymbolExists.c.o  -o cmTC_04dd4 
CMakeFiles/cmTC_04dd4.dir/CheckSymbolExists.c.o：在函数‘main’中：
CheckSymbolExists.c:(.text+0x1b)：对‘pthread_create’未定义的引用
collect2: error: ld returned 1 exit status
CMakeFiles/cmTC_04dd4.dir/build.make:86: recipe for target 'cmTC_04dd4' failed
make[1]: *** [cmTC_04dd4] Error 1
make[1]: 离开目录“/home/cbc/project/cpp-pytorch/build/CMakeFiles/CMakeTmp”
Makefile:121: recipe for target 'cmTC_04dd4/fast' failed
make: *** [cmTC_04dd4/fast] Error 2

File /home/cbc/project/cpp-pytorch/build/CMakeFiles/CMakeTmp/CheckSymbolExists.c:
/* */
#include <pthread.h>

int main(int argc, char** argv)
{
  (void)argv;
#ifndef pthread_create
  return ((int*)(&pthread_create))[argc];
#else
  (void)argc;
  return 0;
#endif
}

Determining if the function pthread_create exists in the pthreads failed with the following output:
Change Dir: /home/cbc/project/cpp-pytorch/build/CMakeFiles/CMakeTmp

Run Build Command:"/usr/bin/make" "cmTC_2247e/fast"
/usr/bin/make -f CMakeFiles/cmTC_2247e.dir/build.make CMakeFiles/cmTC_2247e.dir/build
make[1]: 进入目录“/home/cbc/project/cpp-pytorch/build/CMakeFiles/CMakeTmp”
Building C object CMakeFiles/cmTC_2247e.dir/CheckFunctionExists.c.o
/usr/bin/cc   -DCHECK_FUNCTION_EXISTS=pthread_create   -o CMakeFiles/cmTC_2247e.dir/CheckFunctionExists.c.o   -c /opt/cmake-3.13.2-Linux-x86_64/share/cmake-3.13/Modules/CheckFunctionExists.c
Linking C executable cmTC_2247e
/opt/cmake-3.13.2-Linux-x86_64/bin/cmake -E cmake_link_script CMakeFiles/cmTC_2247e.dir/link.txt --verbose=1
/usr/bin/cc  -DCHECK_FUNCTION_EXISTS=pthread_create    CMakeFiles/cmTC_2247e.dir/CheckFunctionExists.c.o  -o cmTC_2247e -lpthreads 
/usr/bin/ld: 找不到 -lpthreads
collect2: error: ld returned 1 exit status
CMakeFiles/cmTC_2247e.dir/build.make:86: recipe for target 'cmTC_2247e' failed
make[1]: *** [cmTC_2247e] Error 1
make[1]: 离开目录“/home/cbc/project/cpp-pytorch/build/CMakeFiles/CMakeTmp”
Makefile:121: recipe for target 'cmTC_2247e/fast' failed
make: *** [cmTC_2247e/fast] Error 2


